<?xml version="1.0" encoding="UTF-8"?>
<!-- Generated by org.testng.reporters.JUnitReportReporter -->
<testsuite hostname="WELCOME" name="SeleniumTests.Class2" tests="3" failures="0" timestamp="13 May 2016 18:29:13 GMT" time="0.027" errors="0">
  <testcase name="ReplaceValue" time="0.007" classname="SeleniumTests.Class2"/>
  <testcase name="Search" time="0.005" classname="SeleniumTests.Class2"/>
  <testcase name="AdvancedSearch" time="0.015" classname="SeleniumTests.Class2"/>
</testsuite> <!-- SeleniumTests.Class2 -->
