<?xml version="1.0" encoding="UTF-8"?>
<!-- Generated by org.testng.reporters.JUnitReportReporter -->
<testsuite hostname="WELCOME" name="SeleniumTests.Class4" tests="3" failures="0" timestamp="14 May 2016 07:58:16 GMT" time="0.031" errors="0">
  <testcase name="RunOnDemand" time="0.016" classname="SeleniumTests.Class4"/>
  <testcase name="BulkSheet" time="0.015" classname="SeleniumTests.Class4"/>
  <testcase name="RunWeekly" time="0.000" classname="SeleniumTests.Class4"/>
</testsuite> <!-- SeleniumTests.Class4 -->
