<?xml version="1.0" encoding="UTF-8"?>
<!-- Generated by org.testng.reporters.JUnitReportReporter -->
<testsuite hostname="WELCOME" name="SeleniumTests.Class1" tests="3" failures="0" timestamp="13 May 2016 18:29:13 GMT" time="0.019" errors="0">
  <testcase name="BillPayment" time="0.003" classname="SeleniumTests.Class1"/>
  <testcase name="PrepaidRecharge" time="0.008" classname="SeleniumTests.Class1"/>
  <testcase name="FundTransfer" time="0.008" classname="SeleniumTests.Class1"/>
</testsuite> <!-- SeleniumTests.Class1 -->
